<?xml version="1.0" encoding="UTF-8"?>
<!-- Generated by org.testng.reporters.JUnitXMLReporter -->
<testsuite hostname="BIG-Komp" ignored="0" name="Command line test" tests="1" failures="1" timestamp="2019-10-31T04:26:12 SAMT" time="0.201" errors="0">
  <testcase name="@AfterTest endReport" time="0.0" classname="com.avito.PreConditions">
    <failure type="java.lang.NullPointerException">
      <![CDATA[java.lang.NullPointerException
at com.relevantcodes.extentreports.Report.terminate(Report.java:417)
at com.relevantcodes.extentreports.ExtentReports.close(ExtentReports.java:919)
at com.avito.PreConditions.endReport(PreConditions.java:113)
at com.avito.RunAvito.main(RunAvito.java:11)
... Removed 21 stack frames]]>
    </failure>
  </testcase> <!-- @AfterTest endReport -->
  <testcase name="addingAd" time="0.013" classname="com.avito.RunTest">
    <failure type="org.testng.internal.reflect.MethodMatcherException" message="
[public void com.avito.RunTest.addingAd(java.lang.String,java.lang.String,java.lang.String,java.lang.String,java.lang.String,java.lang.String,java.lang.String,java.lang.String,java.lang.String,java.lang.String,java.lang.String,java.lang.String,java.lang.String,java.lang.String,java.lang.String) throws java.io.IOException,java.lang.InterruptedException] has no parameters defined but was found to be using a data provider (either explicitly specified or inherited from class level annotation).
Data provider mismatch
Method: addingAd([Parameter{index=0, type=java.lang.String, declaredAnnotations=[]}, Parameter{index=1, type=java.lang.String, declaredAnnotations=[]}, Parameter{index=2, type=java.lang.String, declaredAnnotations=[]}, Parameter{index=3, type=java.lang.String, declaredAnnotations=[]}, Parameter{index=4, type=java.lang.String, declaredAnnotations=[]}, Parameter{index=5, type=java.lang.String, declaredAnnotations=[]}, Parameter{index=6, type=java.lang.String, declaredAnnotations=[]}, Parameter{index=7, type=java.lang.String, declaredAnnotations=[]}, Parameter{index=8, type=java.lang.String, declaredAnnotations=[]}, Parameter{index=9, type=java.lang.String, declaredAnnotations=[]}, Parameter{index=10, type=java.lang.String, declaredAnnotations=[]}, Parameter{index=11, type=java.lang.String, declaredAnnotations=[]}, Parameter{index=12, type=java.lang.String, declaredAnnotations=[]}, Parameter{index=13, type=java.lang.String, declaredAnnotations=[]}, Parameter{index=14, type=java.lang.String, declaredAnnotations=[]}])
Arguments: [(java.lang.String) 1,(java.lang.String) Кирпичный,(java.lang.String) 20,(java.lang.String) 7,(java.lang.String) Собственник,(java.lang.String) 65,(java.lang.String) 12,(java.lang.String) 40,(java.lang.String) Самара, проспект ленина, 12,(java.lang.String) Состояние квартиры хорошее.[/n] Двор закрытый, приличные соседи, всего 13 семей.[/n] Здесь редко продают квартиры!!![/n] Для парковки машин всегда есть место во дворе, а также есть подземный паркинг в самом доме ( машиноместо в стоимость не входит). Один взрослый собственник, подходит под ипотеку.,(java.lang.String) 1700000,(java.lang.String) 1,(java.lang.String) 1,(java.lang.String) 45.10.216.28:24531,(java.lang.String) 1.jpg,(java.lang.String) fedor]">
      <![CDATA[org.testng.internal.reflect.MethodMatcherException: 
[public void com.avito.RunTest.addingAd(java.lang.String,java.lang.String,java.lang.String,java.lang.String,java.lang.String,java.lang.String,java.lang.String,java.lang.String,java.lang.String,java.lang.String,java.lang.String,java.lang.String,java.lang.String,java.lang.String,java.lang.String) throws java.io.IOException,java.lang.InterruptedException] has no parameters defined but was found to be using a data provider (either explicitly specified or inherited from class level annotation).
Data provider mismatch
Method: addingAd([Parameter{index=0, type=java.lang.String, declaredAnnotations=[]}, Parameter{index=1, type=java.lang.String, declaredAnnotations=[]}, Parameter{index=2, type=java.lang.String, declaredAnnotations=[]}, Parameter{index=3, type=java.lang.String, declaredAnnotations=[]}, Parameter{index=4, type=java.lang.String, declaredAnnotations=[]}, Parameter{index=5, type=java.lang.String, declaredAnnotations=[]}, Parameter{index=6, type=java.lang.String, declaredAnnotations=[]}, Parameter{index=7, type=java.lang.String, declaredAnnotations=[]}, Parameter{index=8, type=java.lang.String, declaredAnnotations=[]}, Parameter{index=9, type=java.lang.String, declaredAnnotations=[]}, Parameter{index=10, type=java.lang.String, declaredAnnotations=[]}, Parameter{index=11, type=java.lang.String, declaredAnnotations=[]}, Parameter{index=12, type=java.lang.String, declaredAnnotations=[]}, Parameter{index=13, type=java.lang.String, declaredAnnotations=[]}, Parameter{index=14, type=java.lang.String, declaredAnnotations=[]}])
Arguments: [(java.lang.String) 1,(java.lang.String) Кирпичный,(java.lang.String) 20,(java.lang.String) 7,(java.lang.String) Собственник,(java.lang.String) 65,(java.lang.String) 12,(java.lang.String) 40,(java.lang.String) Самара, проспект ленина, 12,(java.lang.String) Состояние квартиры хорошее.[/n] Двор закрытый, приличные соседи, всего 13 семей.[/n] Здесь редко продают квартиры!!![/n] Для парковки машин всегда есть место во дворе, а также есть подземный паркинг в самом доме ( машиноместо в стоимость не входит). Один взрослый собственник, подходит под ипотеку.,(java.lang.String) 1700000,(java.lang.String) 1,(java.lang.String) 1,(java.lang.String) 45.10.216.28:24531,(java.lang.String) 1.jpg,(java.lang.String) fedor]
at java.util.ArrayList.forEach(Unknown Source)
at com.avito.RunAvito.main(RunAvito.java:11)
... Removed 19 stack frames]]>
    </failure>
  </testcase> <!-- addingAd -->
</testsuite> <!-- Command line test -->
