<?xml version="1.0" encoding="UTF-8"?>
<testng-results skipped="2" failed="2" ignored="0" total="7" passed="3">
  <reporter-output>
  </reporter-output>
  <suite name="Default suite" duration-ms="1315248" started-at="2019-11-07T00:28:09 SAMT" finished-at="2019-11-07T00:50:04 SAMT">
    <groups>
    </groups>
    <test name="Default test" duration-ms="1315248" started-at="2019-11-07T00:28:09 SAMT" finished-at="2019-11-07T00:50:04 SAMT">
      <class name="com.avito.RunTest">
        <test-method status="PASS" signature="startReport()[pri:0, instance:com.avito.RunTest@37374a5e]" name="startReport" is-config="true" duration-ms="110" started-at="2019-11-07T00:28:09 SAMT" finished-at="2019-11-07T00:28:09 SAMT">
          <reporter-output>
          </reporter-output>
        </test-method> <!-- startReport -->
        <test-method status="PASS" signature="addingAd(java.lang.String, java.lang.String, java.lang.String, java.lang.String, java.lang.String, java.lang.String, java.lang.String, java.lang.String, java.lang.String, java.lang.String, java.lang.String, java.lang.String, java.lang.String, java.lang.String, java.lang.String)[pri:0, instance:com.avito.RunTest@37374a5e]" name="addingAd" duration-ms="307475" started-at="2019-11-07T00:28:09 SAMT" data-provider="getCsvData" finished-at="2019-11-07T00:33:16 SAMT">
          <params>
            <param index="0">
              <value>
                <![CDATA[1]]>
              </value>
            </param>
            <param index="1">
              <value>
                <![CDATA[1]]>
              </value>
            </param>
            <param index="2">
              <value>
                <![CDATA[1]]>
              </value>
            </param>
            <param index="3">
              <value>
                <![CDATA[17]]>
              </value>
            </param>
            <param index="4">
              <value>
                <![CDATA[Собственник]]>
              </value>
            </param>
            <param index="5">
              <value>
                <![CDATA[18]]>
              </value>
            </param>
            <param index="6">
              <value>
                <![CDATA[]]>
              </value>
            </param>
            <param index="7">
              <value>
                <![CDATA[]]>
              </value>
            </param>
            <param index="8">
              <value>
                <![CDATA[Люберцы, Вертолётная улица, 16/1]]>
              </value>
            </param>
            <param index="9">
              <value>
                <![CDATA[на продажу квартира , в центре , с ремонтом , с мебелью и техникой. Ипотека возможна.в квартире свежий ремонт и очень хорошая мебель. Всё что видите на фото я оставлю новому владельцу.встроенная техника и вся необходимая мебель. В собственности более трёх лет.]]>
              </value>
            </param>
            <param index="10">
              <value>
                <![CDATA[1100000]]>
              </value>
            </param>
            <param index="11">
              <value>
                <![CDATA[51.38.22.57:8562]]>
              </value>
            </param>
            <param index="12">
              <value>
                <![CDATA[2309711245.jpg]]>
              </value>
            </param>
            <param index="13">
              <value>
                <![CDATA[Fausto]]>
              </value>
            </param>
            <param index="14">
              <value>
                <![CDATA[0]]>
              </value>
            </param>
          </params>
          <reporter-output>
          </reporter-output>
        </test-method> <!-- addingAd -->
        <test-method status="PASS" signature="getResults(org.testng.ITestResult)[pri:0, instance:com.avito.RunTest@37374a5e]" name="getResults" is-config="true" duration-ms="2" started-at="2019-11-07T00:33:16 SAMT" finished-at="2019-11-07T00:33:16 SAMT">
          <params>
            <param index="0">
              <value>
                <![CDATA[[TestResult name=addingAd status=SUCCESS method=RunTest.addingAd(java.lang.String, java.lang.String, java.lang.String, java.lang.String, java.lang.String, java.lang.String, java.lang.String, java.lang.String, java.lang.String, java.lang.String, java.lang.String, java.lang.String, java.lang.String, java.lang.String, java.lang.String)[pri:0, instance:com.avito.RunTest@37374a5e] output={null}]]]>
              </value>
            </param>
          </params>
          <reporter-output>
          </reporter-output>
        </test-method> <!-- getResults -->
        <test-method status="PASS" signature="addingAd(java.lang.String, java.lang.String, java.lang.String, java.lang.String, java.lang.String, java.lang.String, java.lang.String, java.lang.String, java.lang.String, java.lang.String, java.lang.String, java.lang.String, java.lang.String, java.lang.String, java.lang.String)[pri:0, instance:com.avito.RunTest@37374a5e]" name="addingAd" duration-ms="313264" started-at="2019-11-07T00:33:16 SAMT" data-provider="getCsvData" finished-at="2019-11-07T00:38:30 SAMT">
          <params>
            <param index="0">
              <value>
                <![CDATA[1]]>
              </value>
            </param>
            <param index="1">
              <value>
                <![CDATA[1]]>
              </value>
            </param>
            <param index="2">
              <value>
                <![CDATA[5]]>
              </value>
            </param>
            <param index="3">
              <value>
                <![CDATA[22]]>
              </value>
            </param>
            <param index="4">
              <value>
                <![CDATA[Собственник]]>
              </value>
            </param>
            <param index="5">
              <value>
                <![CDATA[40]]>
              </value>
            </param>
            <param index="6">
              <value>
                <![CDATA[]]>
              </value>
            </param>
            <param index="7">
              <value>
                <![CDATA[10]]>
              </value>
            </param>
            <param index="8">
              <value>
                <![CDATA[Мытищи, улица Борисовка, 20А]]>
              </value>
            </param>
            <param index="9">
              <value>
                <![CDATA[Светлая, теплая и очень просторная ]]>
              </value>
            </param>
            <param index="10">
              <value>
                <![CDATA[1600000]]>
              </value>
            </param>
            <param index="11">
              <value>
                <![CDATA[51.38.22.57:8562]]>
              </value>
            </param>
            <param index="12">
              <value>
                <![CDATA[1870358132.jpg]]>
              </value>
            </param>
            <param index="13">
              <value>
                <![CDATA[Diego]]>
              </value>
            </param>
            <param index="14">
              <value>
                <![CDATA[0]]>
              </value>
            </param>
          </params>
          <reporter-output>
          </reporter-output>
        </test-method> <!-- addingAd -->
        <test-method status="PASS" signature="getResults(org.testng.ITestResult)[pri:0, instance:com.avito.RunTest@37374a5e]" name="getResults" is-config="true" duration-ms="0" started-at="2019-11-07T00:38:30 SAMT" finished-at="2019-11-07T00:38:30 SAMT">
          <params>
            <param index="0">
              <value>
                <![CDATA[[TestResult name=addingAd status=SUCCESS method=RunTest.addingAd(java.lang.String, java.lang.String, java.lang.String, java.lang.String, java.lang.String, java.lang.String, java.lang.String, java.lang.String, java.lang.String, java.lang.String, java.lang.String, java.lang.String, java.lang.String, java.lang.String, java.lang.String)[pri:0, instance:com.avito.RunTest@37374a5e] output={null}]]]>
              </value>
            </param>
          </params>
          <reporter-output>
          </reporter-output>
        </test-method> <!-- getResults -->
        <test-method status="PASS" signature="addingAd(java.lang.String, java.lang.String, java.lang.String, java.lang.String, java.lang.String, java.lang.String, java.lang.String, java.lang.String, java.lang.String, java.lang.String, java.lang.String, java.lang.String, java.lang.String, java.lang.String, java.lang.String)[pri:0, instance:com.avito.RunTest@37374a5e]" name="addingAd" duration-ms="278572" started-at="2019-11-07T00:38:30 SAMT" data-provider="getCsvData" finished-at="2019-11-07T00:43:08 SAMT">
          <params>
            <param index="0">
              <value>
                <![CDATA[1]]>
              </value>
            </param>
            <param index="1">
              <value>
                <![CDATA[1]]>
              </value>
            </param>
            <param index="2">
              <value>
                <![CDATA[2]]>
              </value>
            </param>
            <param index="3">
              <value>
                <![CDATA[5]]>
              </value>
            </param>
            <param index="4">
              <value>
                <![CDATA[Собственник]]>
              </value>
            </param>
            <param index="5">
              <value>
                <![CDATA[30]]>
              </value>
            </param>
            <param index="6">
              <value>
                <![CDATA[6]]>
              </value>
            </param>
            <param index="7">
              <value>
                <![CDATA[16]]>
              </value>
            </param>
            <param index="8">
              <value>
                <![CDATA[Набережные Челны, 39-й комплекс, 13]]>
              </value>
            </param>
            <param index="9">
              <value>
                <![CDATA[Срочная продажа. Отличная квартира. Евроремонт. Мебель.Продается квартира. Хороший район. Реальная стоимость.Продаю квартиру в центре. Евроремонт. Могу оставить мебель.Квартира с евроремонтом. Реальная стоимость. Собственник.]]>
              </value>
            </param>
            <param index="10">
              <value>
                <![CDATA[1650000]]>
              </value>
            </param>
            <param index="11">
              <value>
                <![CDATA[51.38.22.57:8562]]>
              </value>
            </param>
            <param index="12">
              <value>
                <![CDATA[2050818959.jpg]]>
              </value>
            </param>
            <param index="13">
              <value>
                <![CDATA[Everett]]>
              </value>
            </param>
            <param index="14">
              <value>
                <![CDATA[0]]>
              </value>
            </param>
          </params>
          <reporter-output>
          </reporter-output>
        </test-method> <!-- addingAd -->
        <test-method status="PASS" signature="getResults(org.testng.ITestResult)[pri:0, instance:com.avito.RunTest@37374a5e]" name="getResults" is-config="true" duration-ms="1" started-at="2019-11-07T00:43:08 SAMT" finished-at="2019-11-07T00:43:08 SAMT">
          <params>
            <param index="0">
              <value>
                <![CDATA[[TestResult name=addingAd status=SUCCESS method=RunTest.addingAd(java.lang.String, java.lang.String, java.lang.String, java.lang.String, java.lang.String, java.lang.String, java.lang.String, java.lang.String, java.lang.String, java.lang.String, java.lang.String, java.lang.String, java.lang.String, java.lang.String, java.lang.String)[pri:0, instance:com.avito.RunTest@37374a5e] output={null}]]]>
              </value>
            </param>
          </params>
          <reporter-output>
          </reporter-output>
        </test-method> <!-- getResults -->
        <test-method status="FAIL" signature="addingAd(java.lang.String, java.lang.String, java.lang.String, java.lang.String, java.lang.String, java.lang.String, java.lang.String, java.lang.String, java.lang.String, java.lang.String, java.lang.String, java.lang.String, java.lang.String, java.lang.String, java.lang.String)[pri:0, instance:com.avito.RunTest@37374a5e]" name="addingAd" duration-ms="353515" started-at="2019-11-07T00:43:08 SAMT" data-provider="getCsvData" finished-at="2019-11-07T00:49:02 SAMT">
          <params>
            <param index="0">
              <value>
                <![CDATA[1]]>
              </value>
            </param>
            <param index="1">
              <value>
                <![CDATA[1]]>
              </value>
            </param>
            <param index="2">
              <value>
                <![CDATA[3]]>
              </value>
            </param>
            <param index="3">
              <value>
                <![CDATA[5]]>
              </value>
            </param>
            <param index="4">
              <value>
                <![CDATA[Собственник]]>
              </value>
            </param>
            <param index="5">
              <value>
                <![CDATA[31]]>
              </value>
            </param>
            <param index="6">
              <value>
                <![CDATA[]]>
              </value>
            </param>
            <param index="7">
              <value>
                <![CDATA[]]>
              </value>
            </param>
            <param index="8">
              <value>
                <![CDATA[Наро-Фоминск, микрорайон Южный, Рижская улица, 1]]>
              </value>
            </param>
            <param index="9">
              <value>
                <![CDATA[Отличная квартира по доступной цене, возможна ипотека.]]>
              </value>
            </param>
            <param index="10">
              <value>
                <![CDATA[1600000]]>
              </value>
            </param>
            <param index="11">
              <value>
                <![CDATA[51.38.22.57:8562]]>
              </value>
            </param>
            <param index="12">
              <value>
                <![CDATA[1651415894.jpg]]>
              </value>
            </param>
            <param index="13">
              <value>
                <![CDATA[AARON]]>
              </value>
            </param>
            <param index="14">
              <value>
                <![CDATA[0]]>
              </value>
            </param>
          </params>
          <exception class="org.openqa.selenium.NoSuchElementException">
            <message>
              <![CDATA[Can't locate an element by this strategy: By.chained({By.id: com.avito.android:id/fab_text})]]>
            </message>
            <full-stacktrace>
              <![CDATA[org.openqa.selenium.NoSuchElementException: Can't locate an element by this strategy: By.chained({By.id: com.avito.android:id/fab_text})
at io.appium.java_client.pagefactory.AppiumElementLocator.findElement(AppiumElementLocator.java:126)
at io.appium.java_client.pagefactory.interceptors.InterceptorOfASingleElement.intercept(InterceptorOfASingleElement.java:59)
at io.appium.java_client.android.AndroidElement$$EnhancerByCGLIB$$b598166c.click(<generated>)
at com.avito.PreConditions.submitCreateAdForm(PreConditions.java:354)
at com.avito.RunTest.addingAd(RunTest.java:37)
at sun.reflect.NativeMethodAccessorImpl.invoke0(Native Method)
at sun.reflect.NativeMethodAccessorImpl.invoke(Unknown Source)
at sun.reflect.DelegatingMethodAccessorImpl.invoke(Unknown Source)
at java.lang.reflect.Method.invoke(Unknown Source)
at org.testng.internal.MethodInvocationHelper.invokeMethod(MethodInvocationHelper.java:133)
at org.testng.internal.TestInvoker.invokeMethod(TestInvoker.java:584)
at org.testng.internal.TestInvoker.invokeTestMethod(TestInvoker.java:172)
at org.testng.internal.MethodRunner.runInSequence(MethodRunner.java:46)
at org.testng.internal.TestInvoker$MethodInvocationAgent.invoke(TestInvoker.java:804)
at org.testng.internal.TestInvoker.invokeTestMethods(TestInvoker.java:145)
at org.testng.internal.TestMethodWorker.invokeTestMethods(TestMethodWorker.java:146)
at org.testng.internal.TestMethodWorker.run(TestMethodWorker.java:128)
at java.util.ArrayList.forEach(Unknown Source)
at org.testng.TestRunner.privateRun(TestRunner.java:770)
at org.testng.TestRunner.run(TestRunner.java:591)
at org.testng.SuiteRunner.runTest(SuiteRunner.java:402)
at org.testng.SuiteRunner.runSequentially(SuiteRunner.java:396)
at org.testng.SuiteRunner.privateRun(SuiteRunner.java:355)
at org.testng.SuiteRunner.run(SuiteRunner.java:304)
at org.testng.SuiteRunnerWorker.runSuite(SuiteRunnerWorker.java:53)
at org.testng.SuiteRunnerWorker.run(SuiteRunnerWorker.java:96)
at org.testng.TestNG.runSuitesSequentially(TestNG.java:1180)
at org.testng.TestNG.runSuitesLocally(TestNG.java:1102)
at org.testng.TestNG.runSuites(TestNG.java:1032)
at org.testng.TestNG.run(TestNG.java:1000)
at org.testng.remote.AbstractRemoteTestNG.run(AbstractRemoteTestNG.java:115)
at org.testng.remote.RemoteTestNG.initAndRun(RemoteTestNG.java:251)
at org.testng.remote.RemoteTestNG.main(RemoteTestNG.java:77)
Caused by: org.openqa.selenium.TimeoutException: Expected condition failed: waiting for io.appium.java_client.pagefactory.AppiumElementLocator$WaitingFunction@40c76f5a (tried for 1 second(s) with 500 milliseconds interval)
at org.openqa.selenium.support.ui.FluentWait.timeoutException(FluentWait.java:304)
at org.openqa.selenium.support.ui.FluentWait.until(FluentWait.java:272)
at io.appium.java_client.pagefactory.AppiumElementLocator.waitFor(AppiumElementLocator.java:99)
at io.appium.java_client.pagefactory.AppiumElementLocator.findElement(AppiumElementLocator.java:119)
... 32 more
Caused by: org.openqa.selenium.NoSuchElementException: Cannot locate an element using By.chained({By.id: com.avito.android:id/fab_text})
For documentation on this error, please visit: https://www.seleniumhq.org/exceptions/no_such_element.html
Build info: version: '3.141.59', revision: 'e82be7d358', time: '2018-11-14T08:17:03'
System info: host: 'BIG-KOMP', ip: '192.168.152.1', os.name: 'Windows 8.1', os.arch: 'amd64', os.version: '6.3', java.version: '1.8.0_60'
Driver info: driver.version: AndroidDriver
at io.appium.java_client.pagefactory.bys.builder.ByChained.findElement(ByChained.java:74)
at org.openqa.selenium.remote.RemoteWebDriver.findElement(RemoteWebDriver.java:315)
at io.appium.java_client.DefaultGenericMobileDriver.findElement(DefaultGenericMobileDriver.java:57)
at io.appium.java_client.AppiumDriver.findElement(AppiumDriver.java:1)
at io.appium.java_client.android.AndroidDriver.findElement(AndroidDriver.java:1)
at io.appium.java_client.pagefactory.bys.ContentMappedBy.findElement(ContentMappedBy.java:50)
at org.openqa.selenium.remote.RemoteWebDriver.findElement(RemoteWebDriver.java:315)
at io.appium.java_client.DefaultGenericMobileDriver.findElement(DefaultGenericMobileDriver.java:57)
at io.appium.java_client.AppiumDriver.findElement(AppiumDriver.java:1)
at io.appium.java_client.android.AndroidDriver.findElement(AndroidDriver.java:1)
at io.appium.java_client.pagefactory.AppiumElementLocator.lambda$0(AppiumElementLocator.java:120)
at io.appium.java_client.pagefactory.AppiumElementLocator$WaitingFunction.apply(AppiumElementLocator.java:172)
at io.appium.java_client.pagefactory.AppiumElementLocator$WaitingFunction.apply(AppiumElementLocator.java:1)
at org.openqa.selenium.support.ui.FluentWait.until(FluentWait.java:249)
... 34 more
]]>
            </full-stacktrace>
          </exception> <!-- org.openqa.selenium.NoSuchElementException -->
          <reporter-output>
          </reporter-output>
        </test-method> <!-- addingAd -->
        <test-method status="PASS" signature="getResults(org.testng.ITestResult)[pri:0, instance:com.avito.RunTest@37374a5e]" name="getResults" is-config="true" duration-ms="159" started-at="2019-11-07T00:49:02 SAMT" finished-at="2019-11-07T00:49:02 SAMT">
          <params>
            <param index="0">
              <value>
                <![CDATA[[TestResult name=addingAd status=FAILURE method=RunTest.addingAd(java.lang.String, java.lang.String, java.lang.String, java.lang.String, java.lang.String, java.lang.String, java.lang.String, java.lang.String, java.lang.String, java.lang.String, java.lang.String, java.lang.String, java.lang.String, java.lang.String, java.lang.String)[pri:0, instance:com.avito.RunTest@37374a5e] output={null}]]]>
              </value>
            </param>
          </params>
          <reporter-output>
          </reporter-output>
        </test-method> <!-- getResults -->
        <test-method status="FAIL" signature="addingAd(java.lang.String, java.lang.String, java.lang.String, java.lang.String, java.lang.String, java.lang.String, java.lang.String, java.lang.String, java.lang.String, java.lang.String, java.lang.String, java.lang.String, java.lang.String, java.lang.String, java.lang.String)[pri:0, instance:com.avito.RunTest@37374a5e]" name="addingAd" duration-ms="61715" started-at="2019-11-07T00:49:02 SAMT" data-provider="getCsvData" finished-at="2019-11-07T00:50:04 SAMT">
          <params>
            <param index="0">
              <value>
                <![CDATA[1]]>
              </value>
            </param>
            <param index="1">
              <value>
                <![CDATA[1]]>
              </value>
            </param>
            <param index="2">
              <value>
                <![CDATA[2]]>
              </value>
            </param>
            <param index="3">
              <value>
                <![CDATA[10]]>
              </value>
            </param>
            <param index="4">
              <value>
                <![CDATA[Собственник]]>
              </value>
            </param>
            <param index="5">
              <value>
                <![CDATA[40]]>
              </value>
            </param>
            <param index="6">
              <value>
                <![CDATA[]]>
              </value>
            </param>
            <param index="7">
              <value>
                <![CDATA[]]>
              </value>
            </param>
            <param index="8">
              <value>
                <![CDATA[Новокузнецк, проспект Строителей, 90Б]]>
              </value>
            </param>
            <param index="9">
              <value>
                <![CDATA[Пластиковые окна, ламинат, натяжные потолки, новые батареи. Рядом нет ночных клубов и дороги. Тихое и уютное место.]]>
              </value>
            </param>
            <param index="10">
              <value>
                <![CDATA[1250000]]>
              </value>
            </param>
            <param index="11">
              <value>
                <![CDATA[51.38.22.57:8562]]>
              </value>
            </param>
            <param index="12">
              <value>
                <![CDATA[97149408.jpg]]>
              </value>
            </param>
            <param index="13">
              <value>
                <![CDATA[Nathaniel]]>
              </value>
            </param>
            <param index="14">
              <value>
                <![CDATA[0]]>
              </value>
            </param>
          </params>
          <exception class="org.openqa.selenium.WebDriverException">
            <message>
              <![CDATA[org.openqa.selenium.WebDriverException: An unknown server-side error occurred while processing the command. Original error: Could not proxy command to remote server. Original error: Error: socket hang up
Build info: version: '3.141.59', revision: 'e82be7d358', time: '2018-11-14T08:17:03'
System info: host: 'BIG-KOMP', ip: '192.168.152.1', os.name: 'Windows 8.1', os.arch: 'amd64', os.version: '6.3', java.version: '1.8.0_60'
Driver info: io.appium.java_client.android.AndroidDriver
Capabilities {appActivity: com.avito.android.home.Home..., appPackage: com.avito.android, autoGrantPermissions: true, automationName: uiAutomator2, browserName: , databaseEnabled: false, desired: {appActivity: com.avito.android.home.Home..., appPackage: com.avito.android, autoGrantPermissions: true, automationName: uiAutomator2, browserName: , deviceName: Redmi 4, ignoreUnimportantViews: true, platformName: android, platformVersion: 7.1.2, udid: 127.0.0.1:21533}, deviceApiLevel: 22, deviceManufacturer: Xiaomi, deviceModel: note 5, deviceName: 127.0.0.1:21533, deviceScreenDensity: 85, deviceScreenSize: 320x640, deviceUDID: 127.0.0.1:21533, ignoreUnimportantViews: true, javascriptEnabled: true, locationContextEnabled: false, networkConnectionEnabled: true, pixelRatio: 0.53125, platform: LINUX, platformName: Android, platformVersion: 5.1.1, statBarHeight: 13, takesScreenshot: true, udid: 127.0.0.1:21533, viewportRect: {height: 627, left: 0, top: 13, width: 320}, warnings: {}, webStorageEnabled: false}
Session ID: fcef3ece-c798-4fba-971b-bff77ea070e1
*** Element info: {Using=class name, value=android.widget.EditText}]]>
            </message>
            <full-stacktrace>
              <![CDATA[org.openqa.selenium.WebDriverException: org.openqa.selenium.WebDriverException: An unknown server-side error occurred while processing the command. Original error: Could not proxy command to remote server. Original error: Error: socket hang up
Build info: version: '3.141.59', revision: 'e82be7d358', time: '2018-11-14T08:17:03'
System info: host: 'BIG-KOMP', ip: '192.168.152.1', os.name: 'Windows 8.1', os.arch: 'amd64', os.version: '6.3', java.version: '1.8.0_60'
Driver info: io.appium.java_client.android.AndroidDriver
Capabilities {appActivity: com.avito.android.home.Home..., appPackage: com.avito.android, autoGrantPermissions: true, automationName: uiAutomator2, browserName: , databaseEnabled: false, desired: {appActivity: com.avito.android.home.Home..., appPackage: com.avito.android, autoGrantPermissions: true, automationName: uiAutomator2, browserName: , deviceName: Redmi 4, ignoreUnimportantViews: true, platformName: android, platformVersion: 7.1.2, udid: 127.0.0.1:21533}, deviceApiLevel: 22, deviceManufacturer: Xiaomi, deviceModel: note 5, deviceName: 127.0.0.1:21533, deviceScreenDensity: 85, deviceScreenSize: 320x640, deviceUDID: 127.0.0.1:21533, ignoreUnimportantViews: true, javascriptEnabled: true, locationContextEnabled: false, networkConnectionEnabled: true, pixelRatio: 0.53125, platform: LINUX, platformName: Android, platformVersion: 5.1.1, statBarHeight: 13, takesScreenshot: true, udid: 127.0.0.1:21533, viewportRect: {height: 627, left: 0, top: 13, width: 320}, warnings: {}, webStorageEnabled: false}
Session ID: fcef3ece-c798-4fba-971b-bff77ea070e1
*** Element info: {Using=class name, value=android.widget.EditText}
at io.appium.java_client.pagefactory.AppiumElementLocator$WaitingFunction.apply(AppiumElementLocator.java:192)
at io.appium.java_client.pagefactory.AppiumElementLocator$WaitingFunction.apply(AppiumElementLocator.java:1)
at org.openqa.selenium.support.ui.FluentWait.until(FluentWait.java:249)
at io.appium.java_client.pagefactory.AppiumElementLocator.waitFor(AppiumElementLocator.java:99)
at io.appium.java_client.pagefactory.AppiumElementLocator.findElement(AppiumElementLocator.java:119)
at io.appium.java_client.pagefactory.interceptors.InterceptorOfASingleElement.intercept(InterceptorOfASingleElement.java:59)
at io.appium.java_client.android.AndroidElement$$EnhancerByCGLIB$$b598166c.isDisplayed(<generated>)
at com.avito.PreConditions.createAnAccount(PreConditions.java:170)
at com.avito.RunTest.addingAd(RunTest.java:30)
at sun.reflect.NativeMethodAccessorImpl.invoke0(Native Method)
at sun.reflect.NativeMethodAccessorImpl.invoke(Unknown Source)
at sun.reflect.DelegatingMethodAccessorImpl.invoke(Unknown Source)
at java.lang.reflect.Method.invoke(Unknown Source)
at org.testng.internal.MethodInvocationHelper.invokeMethod(MethodInvocationHelper.java:133)
at org.testng.internal.TestInvoker.invokeMethod(TestInvoker.java:584)
at org.testng.internal.TestInvoker.invokeTestMethod(TestInvoker.java:172)
at org.testng.internal.MethodRunner.runInSequence(MethodRunner.java:46)
at org.testng.internal.TestInvoker$MethodInvocationAgent.invoke(TestInvoker.java:804)
at org.testng.internal.TestInvoker.invokeTestMethods(TestInvoker.java:145)
at org.testng.internal.TestMethodWorker.invokeTestMethods(TestMethodWorker.java:146)
at org.testng.internal.TestMethodWorker.run(TestMethodWorker.java:128)
at java.util.ArrayList.forEach(Unknown Source)
at org.testng.TestRunner.privateRun(TestRunner.java:770)
at org.testng.TestRunner.run(TestRunner.java:591)
at org.testng.SuiteRunner.runTest(SuiteRunner.java:402)
at org.testng.SuiteRunner.runSequentially(SuiteRunner.java:396)
at org.testng.SuiteRunner.privateRun(SuiteRunner.java:355)
at org.testng.SuiteRunner.run(SuiteRunner.java:304)
at org.testng.SuiteRunnerWorker.runSuite(SuiteRunnerWorker.java:53)
at org.testng.SuiteRunnerWorker.run(SuiteRunnerWorker.java:96)
at org.testng.TestNG.runSuitesSequentially(TestNG.java:1180)
at org.testng.TestNG.runSuitesLocally(TestNG.java:1102)
at org.testng.TestNG.runSuites(TestNG.java:1032)
at org.testng.TestNG.run(TestNG.java:1000)
at org.testng.remote.AbstractRemoteTestNG.run(AbstractRemoteTestNG.java:115)
at org.testng.remote.RemoteTestNG.initAndRun(RemoteTestNG.java:251)
at org.testng.remote.RemoteTestNG.main(RemoteTestNG.java:77)
Caused by: org.openqa.selenium.WebDriverException: An unknown server-side error occurred while processing the command. Original error: Could not proxy command to remote server. Original error: Error: socket hang up
Build info: version: '3.141.59', revision: 'e82be7d358', time: '2018-11-14T08:17:03'
System info: host: 'BIG-KOMP', ip: '192.168.152.1', os.name: 'Windows 8.1', os.arch: 'amd64', os.version: '6.3', java.version: '1.8.0_60'
Driver info: io.appium.java_client.android.AndroidDriver
Capabilities {appActivity: com.avito.android.home.Home..., appPackage: com.avito.android, autoGrantPermissions: true, automationName: uiAutomator2, browserName: , databaseEnabled: false, desired: {appActivity: com.avito.android.home.Home..., appPackage: com.avito.android, autoGrantPermissions: true, automationName: uiAutomator2, browserName: , deviceName: Redmi 4, ignoreUnimportantViews: true, platformName: android, platformVersion: 7.1.2, udid: 127.0.0.1:21533}, deviceApiLevel: 22, deviceManufacturer: Xiaomi, deviceModel: note 5, deviceName: 127.0.0.1:21533, deviceScreenDensity: 85, deviceScreenSize: 320x640, deviceUDID: 127.0.0.1:21533, ignoreUnimportantViews: true, javascriptEnabled: true, locationContextEnabled: false, networkConnectionEnabled: true, pixelRatio: 0.53125, platform: LINUX, platformName: Android, platformVersion: 5.1.1, statBarHeight: 13, takesScreenshot: true, udid: 127.0.0.1:21533, viewportRect: {height: 627, left: 0, top: 13, width: 320}, warnings: {}, webStorageEnabled: false}
Session ID: fcef3ece-c798-4fba-971b-bff77ea070e1
*** Element info: {Using=class name, value=android.widget.EditText}
at sun.reflect.NativeConstructorAccessorImpl.newInstance0(Native Method)
at sun.reflect.NativeConstructorAccessorImpl.newInstance(Unknown Source)
at sun.reflect.DelegatingConstructorAccessorImpl.newInstance(Unknown Source)
at java.lang.reflect.Constructor.newInstance(Unknown Source)
at org.openqa.selenium.remote.http.W3CHttpResponseCodec.createException(W3CHttpResponseCodec.java:187)
at org.openqa.selenium.remote.http.W3CHttpResponseCodec.decode(W3CHttpResponseCodec.java:122)
at org.openqa.selenium.remote.http.W3CHttpResponseCodec.decode(W3CHttpResponseCodec.java:49)
at org.openqa.selenium.remote.HttpCommandExecutor.execute(HttpCommandExecutor.java:158)
at io.appium.java_client.remote.AppiumCommandExecutor.execute(AppiumCommandExecutor.java:239)
at org.openqa.selenium.remote.RemoteWebDriver.execute(RemoteWebDriver.java:552)
at io.appium.java_client.DefaultGenericMobileDriver.execute(DefaultGenericMobileDriver.java:41)
at io.appium.java_client.AppiumDriver.execute(AppiumDriver.java:1)
at io.appium.java_client.android.AndroidDriver.execute(AndroidDriver.java:1)
at org.openqa.selenium.remote.RemoteWebDriver.findElement(RemoteWebDriver.java:323)
at io.appium.java_client.DefaultGenericMobileDriver.findElement(DefaultGenericMobileDriver.java:61)
at io.appium.java_client.AppiumDriver.findElement(AppiumDriver.java:1)
at io.appium.java_client.android.AndroidDriver.findElement(AndroidDriver.java:1)
at org.openqa.selenium.remote.RemoteWebDriver.findElementByClassName(RemoteWebDriver.java:412)
at io.appium.java_client.DefaultGenericMobileDriver.findElementByClassName(DefaultGenericMobileDriver.java:125)
at io.appium.java_client.AppiumDriver.findElementByClassName(AppiumDriver.java:1)
at io.appium.java_client.android.AndroidDriver.findElementByClassName(AndroidDriver.java:1)
at org.openqa.selenium.By$ByClassName.findElement(By.java:389)
at org.openqa.selenium.remote.RemoteWebDriver.findElement(RemoteWebDriver.java:315)
at io.appium.java_client.DefaultGenericMobileDriver.findElement(DefaultGenericMobileDriver.java:57)
at io.appium.java_client.AppiumDriver.findElement(AppiumDriver.java:1)
at io.appium.java_client.android.AndroidDriver.findElement(AndroidDriver.java:1)
at io.appium.java_client.pagefactory.bys.builder.ByChained.lambda$0(ByChained.java:38)
at org.openqa.selenium.support.ui.FluentWait.until(FluentWait.java:249)
at io.appium.java_client.pagefactory.bys.builder.ByChained.findElement(ByChained.java:72)
at org.openqa.selenium.remote.RemoteWebDriver.findElement(RemoteWebDriver.java:315)
at io.appium.java_client.DefaultGenericMobileDriver.findElement(DefaultGenericMobileDriver.java:57)
at io.appium.java_client.AppiumDriver.findElement(AppiumDriver.java:1)
at io.appium.java_client.android.AndroidDriver.findElement(AndroidDriver.java:1)
at io.appium.java_client.pagefactory.bys.ContentMappedBy.findElement(ContentMappedBy.java:50)
at org.openqa.selenium.remote.RemoteWebDriver.findElement(RemoteWebDriver.java:315)
at io.appium.java_client.DefaultGenericMobileDriver.findElement(DefaultGenericMobileDriver.java:57)
at io.appium.java_client.AppiumDriver.findElement(AppiumDriver.java:1)
at io.appium.java_client.android.AndroidDriver.findElement(AndroidDriver.java:1)
at io.appium.java_client.pagefactory.AppiumElementLocator.lambda$0(AppiumElementLocator.java:120)
at io.appium.java_client.pagefactory.AppiumElementLocator$WaitingFunction.apply(AppiumElementLocator.java:172)
... 36 more
]]>
            </full-stacktrace>
          </exception> <!-- org.openqa.selenium.WebDriverException -->
          <reporter-output>
          </reporter-output>
        </test-method> <!-- addingAd -->
        <test-method status="FAIL" signature="getResults(org.testng.ITestResult)[pri:0, instance:com.avito.RunTest@37374a5e]" name="getResults" is-config="true" duration-ms="9" started-at="2019-11-07T00:50:04 SAMT" finished-at="2019-11-07T00:50:04 SAMT">
          <params>
            <param index="0">
              <value>
                <![CDATA[[TestResult name=addingAd status=FAILURE method=RunTest.addingAd(java.lang.String, java.lang.String, java.lang.String, java.lang.String, java.lang.String, java.lang.String, java.lang.String, java.lang.String, java.lang.String, java.lang.String, java.lang.String, java.lang.String, java.lang.String, java.lang.String, java.lang.String)[pri:0, instance:com.avito.RunTest@37374a5e] output={null}]]]>
              </value>
            </param>
          </params>
          <exception class="org.openqa.selenium.WebDriverException">
            <message>
              <![CDATA[An unknown server-side error occurred while processing the command. Original error: Could not proxy command to remote server. Original error: Error: socket hang up
Build info: version: '3.141.59', revision: 'e82be7d358', time: '2018-11-14T08:17:03'
System info: host: 'BIG-KOMP', ip: '192.168.152.1', os.name: 'Windows 8.1', os.arch: 'amd64', os.version: '6.3', java.version: '1.8.0_60'
Driver info: io.appium.java_client.android.AndroidDriver
Capabilities {appActivity: com.avito.android.home.Home..., appPackage: com.avito.android, autoGrantPermissions: true, automationName: uiAutomator2, browserName: , databaseEnabled: false, desired: {appActivity: com.avito.android.home.Home..., appPackage: com.avito.android, autoGrantPermissions: true, automationName: uiAutomator2, browserName: , deviceName: Redmi 4, ignoreUnimportantViews: true, platformName: android, platformVersion: 7.1.2, udid: 127.0.0.1:21533}, deviceApiLevel: 22, deviceManufacturer: Xiaomi, deviceModel: note 5, deviceName: 127.0.0.1:21533, deviceScreenDensity: 85, deviceScreenSize: 320x640, deviceUDID: 127.0.0.1:21533, ignoreUnimportantViews: true, javascriptEnabled: true, locationContextEnabled: false, networkConnectionEnabled: true, pixelRatio: 0.53125, platform: LINUX, platformName: Android, platformVersion: 5.1.1, statBarHeight: 13, takesScreenshot: true, udid: 127.0.0.1:21533, viewportRect: {height: 627, left: 0, top: 13, width: 320}, warnings: {}, webStorageEnabled: false}
Session ID: fcef3ece-c798-4fba-971b-bff77ea070e1]]>
            </message>
            <full-stacktrace>
              <![CDATA[org.openqa.selenium.WebDriverException: An unknown server-side error occurred while processing the command. Original error: Could not proxy command to remote server. Original error: Error: socket hang up
Build info: version: '3.141.59', revision: 'e82be7d358', time: '2018-11-14T08:17:03'
System info: host: 'BIG-KOMP', ip: '192.168.152.1', os.name: 'Windows 8.1', os.arch: 'amd64', os.version: '6.3', java.version: '1.8.0_60'
Driver info: io.appium.java_client.android.AndroidDriver
Capabilities {appActivity: com.avito.android.home.Home..., appPackage: com.avito.android, autoGrantPermissions: true, automationName: uiAutomator2, browserName: , databaseEnabled: false, desired: {appActivity: com.avito.android.home.Home..., appPackage: com.avito.android, autoGrantPermissions: true, automationName: uiAutomator2, browserName: , deviceName: Redmi 4, ignoreUnimportantViews: true, platformName: android, platformVersion: 7.1.2, udid: 127.0.0.1:21533}, deviceApiLevel: 22, deviceManufacturer: Xiaomi, deviceModel: note 5, deviceName: 127.0.0.1:21533, deviceScreenDensity: 85, deviceScreenSize: 320x640, deviceUDID: 127.0.0.1:21533, ignoreUnimportantViews: true, javascriptEnabled: true, locationContextEnabled: false, networkConnectionEnabled: true, pixelRatio: 0.53125, platform: LINUX, platformName: Android, platformVersion: 5.1.1, statBarHeight: 13, takesScreenshot: true, udid: 127.0.0.1:21533, viewportRect: {height: 627, left: 0, top: 13, width: 320}, warnings: {}, webStorageEnabled: false}
Session ID: fcef3ece-c798-4fba-971b-bff77ea070e1
at sun.reflect.NativeConstructorAccessorImpl.newInstance0(Native Method)
at sun.reflect.NativeConstructorAccessorImpl.newInstance(Unknown Source)
at sun.reflect.DelegatingConstructorAccessorImpl.newInstance(Unknown Source)
at java.lang.reflect.Constructor.newInstance(Unknown Source)
at org.openqa.selenium.remote.http.W3CHttpResponseCodec.createException(W3CHttpResponseCodec.java:187)
at org.openqa.selenium.remote.http.W3CHttpResponseCodec.decode(W3CHttpResponseCodec.java:122)
at org.openqa.selenium.remote.http.W3CHttpResponseCodec.decode(W3CHttpResponseCodec.java:49)
at org.openqa.selenium.remote.HttpCommandExecutor.execute(HttpCommandExecutor.java:158)
at io.appium.java_client.remote.AppiumCommandExecutor.execute(AppiumCommandExecutor.java:239)
at org.openqa.selenium.remote.RemoteWebDriver.execute(RemoteWebDriver.java:552)
at io.appium.java_client.DefaultGenericMobileDriver.execute(DefaultGenericMobileDriver.java:45)
at io.appium.java_client.AppiumDriver.execute(AppiumDriver.java:1)
at io.appium.java_client.android.AndroidDriver.execute(AndroidDriver.java:1)
at org.openqa.selenium.remote.RemoteWebDriver.getScreenshotAs(RemoteWebDriver.java:295)
at com.avito.PreConditions.getScreenshot(PreConditions.java:408)
at com.avito.PreConditions.getResults(PreConditions.java:122)
at sun.reflect.NativeMethodAccessorImpl.invoke0(Native Method)
at sun.reflect.NativeMethodAccessorImpl.invoke(Unknown Source)
at sun.reflect.DelegatingMethodAccessorImpl.invoke(Unknown Source)
at java.lang.reflect.Method.invoke(Unknown Source)
at org.testng.internal.MethodInvocationHelper.invokeMethod(MethodInvocationHelper.java:133)
at org.testng.internal.MethodInvocationHelper.invokeMethodConsideringTimeout(MethodInvocationHelper.java:62)
at org.testng.internal.ConfigInvoker.invokeConfigurationMethod(ConfigInvoker.java:340)
at org.testng.internal.ConfigInvoker.invokeConfigurations(ConfigInvoker.java:294)
at org.testng.internal.TestInvoker.runConfigMethods(TestInvoker.java:683)
at org.testng.internal.TestInvoker.runAfterGroupsConfigurations(TestInvoker.java:658)
at org.testng.internal.TestInvoker.invokeMethod(TestInvoker.java:642)
at org.testng.internal.TestInvoker.invokeTestMethod(TestInvoker.java:172)
at org.testng.internal.MethodRunner.runInSequence(MethodRunner.java:46)
at org.testng.internal.TestInvoker$MethodInvocationAgent.invoke(TestInvoker.java:804)
at org.testng.internal.TestInvoker.invokeTestMethods(TestInvoker.java:145)
at org.testng.internal.TestMethodWorker.invokeTestMethods(TestMethodWorker.java:146)
at org.testng.internal.TestMethodWorker.run(TestMethodWorker.java:128)
at java.util.ArrayList.forEach(Unknown Source)
at org.testng.TestRunner.privateRun(TestRunner.java:770)
at org.testng.TestRunner.run(TestRunner.java:591)
at org.testng.SuiteRunner.runTest(SuiteRunner.java:402)
at org.testng.SuiteRunner.runSequentially(SuiteRunner.java:396)
at org.testng.SuiteRunner.privateRun(SuiteRunner.java:355)
at org.testng.SuiteRunner.run(SuiteRunner.java:304)
at org.testng.SuiteRunnerWorker.runSuite(SuiteRunnerWorker.java:53)
at org.testng.SuiteRunnerWorker.run(SuiteRunnerWorker.java:96)
at org.testng.TestNG.runSuitesSequentially(TestNG.java:1180)
at org.testng.TestNG.runSuitesLocally(TestNG.java:1102)
at org.testng.TestNG.runSuites(TestNG.java:1032)
at org.testng.TestNG.run(TestNG.java:1000)
at org.testng.remote.AbstractRemoteTestNG.run(AbstractRemoteTestNG.java:115)
at org.testng.remote.RemoteTestNG.initAndRun(RemoteTestNG.java:251)
at org.testng.remote.RemoteTestNG.main(RemoteTestNG.java:77)
]]>
            </full-stacktrace>
          </exception> <!-- org.openqa.selenium.WebDriverException -->
          <reporter-output>
          </reporter-output>
        </test-method> <!-- getResults -->
        <test-method status="SKIP" signature="addingAd(java.lang.String, java.lang.String, java.lang.String, java.lang.String, java.lang.String, java.lang.String, java.lang.String, java.lang.String, java.lang.String, java.lang.String, java.lang.String, java.lang.String, java.lang.String, java.lang.String, java.lang.String)[pri:0, instance:com.avito.RunTest@37374a5e]" name="addingAd" duration-ms="0" started-at="2019-11-07T00:50:04 SAMT" data-provider="getCsvData" finished-at="2019-11-07T00:50:04 SAMT">
          <exception class="org.openqa.selenium.WebDriverException">
            <message>
              <![CDATA[An unknown server-side error occurred while processing the command. Original error: Could not proxy command to remote server. Original error: Error: socket hang up
Build info: version: '3.141.59', revision: 'e82be7d358', time: '2018-11-14T08:17:03'
System info: host: 'BIG-KOMP', ip: '192.168.152.1', os.name: 'Windows 8.1', os.arch: 'amd64', os.version: '6.3', java.version: '1.8.0_60'
Driver info: io.appium.java_client.android.AndroidDriver
Capabilities {appActivity: com.avito.android.home.Home..., appPackage: com.avito.android, autoGrantPermissions: true, automationName: uiAutomator2, browserName: , databaseEnabled: false, desired: {appActivity: com.avito.android.home.Home..., appPackage: com.avito.android, autoGrantPermissions: true, automationName: uiAutomator2, browserName: , deviceName: Redmi 4, ignoreUnimportantViews: true, platformName: android, platformVersion: 7.1.2, udid: 127.0.0.1:21533}, deviceApiLevel: 22, deviceManufacturer: Xiaomi, deviceModel: note 5, deviceName: 127.0.0.1:21533, deviceScreenDensity: 85, deviceScreenSize: 320x640, deviceUDID: 127.0.0.1:21533, ignoreUnimportantViews: true, javascriptEnabled: true, locationContextEnabled: false, networkConnectionEnabled: true, pixelRatio: 0.53125, platform: LINUX, platformName: Android, platformVersion: 5.1.1, statBarHeight: 13, takesScreenshot: true, udid: 127.0.0.1:21533, viewportRect: {height: 627, left: 0, top: 13, width: 320}, warnings: {}, webStorageEnabled: false}
Session ID: fcef3ece-c798-4fba-971b-bff77ea070e1]]>
            </message>
            <full-stacktrace>
              <![CDATA[org.openqa.selenium.WebDriverException: An unknown server-side error occurred while processing the command. Original error: Could not proxy command to remote server. Original error: Error: socket hang up
Build info: version: '3.141.59', revision: 'e82be7d358', time: '2018-11-14T08:17:03'
System info: host: 'BIG-KOMP', ip: '192.168.152.1', os.name: 'Windows 8.1', os.arch: 'amd64', os.version: '6.3', java.version: '1.8.0_60'
Driver info: io.appium.java_client.android.AndroidDriver
Capabilities {appActivity: com.avito.android.home.Home..., appPackage: com.avito.android, autoGrantPermissions: true, automationName: uiAutomator2, browserName: , databaseEnabled: false, desired: {appActivity: com.avito.android.home.Home..., appPackage: com.avito.android, autoGrantPermissions: true, automationName: uiAutomator2, browserName: , deviceName: Redmi 4, ignoreUnimportantViews: true, platformName: android, platformVersion: 7.1.2, udid: 127.0.0.1:21533}, deviceApiLevel: 22, deviceManufacturer: Xiaomi, deviceModel: note 5, deviceName: 127.0.0.1:21533, deviceScreenDensity: 85, deviceScreenSize: 320x640, deviceUDID: 127.0.0.1:21533, ignoreUnimportantViews: true, javascriptEnabled: true, locationContextEnabled: false, networkConnectionEnabled: true, pixelRatio: 0.53125, platform: LINUX, platformName: Android, platformVersion: 5.1.1, statBarHeight: 13, takesScreenshot: true, udid: 127.0.0.1:21533, viewportRect: {height: 627, left: 0, top: 13, width: 320}, warnings: {}, webStorageEnabled: false}
Session ID: fcef3ece-c798-4fba-971b-bff77ea070e1
at sun.reflect.NativeConstructorAccessorImpl.newInstance0(Native Method)
at sun.reflect.NativeConstructorAccessorImpl.newInstance(Unknown Source)
at sun.reflect.DelegatingConstructorAccessorImpl.newInstance(Unknown Source)
at java.lang.reflect.Constructor.newInstance(Unknown Source)
at org.openqa.selenium.remote.http.W3CHttpResponseCodec.createException(W3CHttpResponseCodec.java:187)
at org.openqa.selenium.remote.http.W3CHttpResponseCodec.decode(W3CHttpResponseCodec.java:122)
at org.openqa.selenium.remote.http.W3CHttpResponseCodec.decode(W3CHttpResponseCodec.java:49)
at org.openqa.selenium.remote.HttpCommandExecutor.execute(HttpCommandExecutor.java:158)
at io.appium.java_client.remote.AppiumCommandExecutor.execute(AppiumCommandExecutor.java:239)
at org.openqa.selenium.remote.RemoteWebDriver.execute(RemoteWebDriver.java:552)
at io.appium.java_client.DefaultGenericMobileDriver.execute(DefaultGenericMobileDriver.java:45)
at io.appium.java_client.AppiumDriver.execute(AppiumDriver.java:1)
at io.appium.java_client.android.AndroidDriver.execute(AndroidDriver.java:1)
at org.openqa.selenium.remote.RemoteWebDriver.getScreenshotAs(RemoteWebDriver.java:295)
at com.avito.PreConditions.getScreenshot(PreConditions.java:408)
at com.avito.PreConditions.getResults(PreConditions.java:122)
at sun.reflect.NativeMethodAccessorImpl.invoke0(Native Method)
at sun.reflect.NativeMethodAccessorImpl.invoke(Unknown Source)
at sun.reflect.DelegatingMethodAccessorImpl.invoke(Unknown Source)
at java.lang.reflect.Method.invoke(Unknown Source)
at org.testng.internal.MethodInvocationHelper.invokeMethod(MethodInvocationHelper.java:133)
at org.testng.internal.MethodInvocationHelper.invokeMethodConsideringTimeout(MethodInvocationHelper.java:62)
at org.testng.internal.ConfigInvoker.invokeConfigurationMethod(ConfigInvoker.java:340)
at org.testng.internal.ConfigInvoker.invokeConfigurations(ConfigInvoker.java:294)
at org.testng.internal.TestInvoker.runConfigMethods(TestInvoker.java:683)
at org.testng.internal.TestInvoker.runAfterGroupsConfigurations(TestInvoker.java:658)
at org.testng.internal.TestInvoker.invokeMethod(TestInvoker.java:642)
at org.testng.internal.TestInvoker.invokeTestMethod(TestInvoker.java:172)
at org.testng.internal.MethodRunner.runInSequence(MethodRunner.java:46)
at org.testng.internal.TestInvoker$MethodInvocationAgent.invoke(TestInvoker.java:804)
at org.testng.internal.TestInvoker.invokeTestMethods(TestInvoker.java:145)
at org.testng.internal.TestMethodWorker.invokeTestMethods(TestMethodWorker.java:146)
at org.testng.internal.TestMethodWorker.run(TestMethodWorker.java:128)
at java.util.ArrayList.forEach(Unknown Source)
at org.testng.TestRunner.privateRun(TestRunner.java:770)
at org.testng.TestRunner.run(TestRunner.java:591)
at org.testng.SuiteRunner.runTest(SuiteRunner.java:402)
at org.testng.SuiteRunner.runSequentially(SuiteRunner.java:396)
at org.testng.SuiteRunner.privateRun(SuiteRunner.java:355)
at org.testng.SuiteRunner.run(SuiteRunner.java:304)
at org.testng.SuiteRunnerWorker.runSuite(SuiteRunnerWorker.java:53)
at org.testng.SuiteRunnerWorker.run(SuiteRunnerWorker.java:96)
at org.testng.TestNG.runSuitesSequentially(TestNG.java:1180)
at org.testng.TestNG.runSuitesLocally(TestNG.java:1102)
at org.testng.TestNG.runSuites(TestNG.java:1032)
at org.testng.TestNG.run(TestNG.java:1000)
at org.testng.remote.AbstractRemoteTestNG.run(AbstractRemoteTestNG.java:115)
at org.testng.remote.RemoteTestNG.initAndRun(RemoteTestNG.java:251)
at org.testng.remote.RemoteTestNG.main(RemoteTestNG.java:77)
]]>
            </full-stacktrace>
          </exception> <!-- org.openqa.selenium.WebDriverException -->
          <reporter-output>
          </reporter-output>
        </test-method> <!-- addingAd -->
        <test-method status="SKIP" signature="getResults(org.testng.ITestResult)[pri:0, instance:com.avito.RunTest@37374a5e]" name="getResults" is-config="true" duration-ms="-1573073404218" started-at="2019-11-07T00:50:04 SAMT" finished-at="1970-01-01T04:00:00 SAMT">
          <reporter-output>
          </reporter-output>
        </test-method> <!-- getResults -->
        <test-method status="SKIP" signature="addingAd(java.lang.String, java.lang.String, java.lang.String, java.lang.String, java.lang.String, java.lang.String, java.lang.String, java.lang.String, java.lang.String, java.lang.String, java.lang.String, java.lang.String, java.lang.String, java.lang.String, java.lang.String)[pri:0, instance:com.avito.RunTest@37374a5e]" name="addingAd" duration-ms="0" started-at="2019-11-07T00:50:04 SAMT" data-provider="getCsvData" finished-at="2019-11-07T00:50:04 SAMT">
          <exception class="org.openqa.selenium.WebDriverException">
            <message>
              <![CDATA[An unknown server-side error occurred while processing the command. Original error: Could not proxy command to remote server. Original error: Error: socket hang up
Build info: version: '3.141.59', revision: 'e82be7d358', time: '2018-11-14T08:17:03'
System info: host: 'BIG-KOMP', ip: '192.168.152.1', os.name: 'Windows 8.1', os.arch: 'amd64', os.version: '6.3', java.version: '1.8.0_60'
Driver info: io.appium.java_client.android.AndroidDriver
Capabilities {appActivity: com.avito.android.home.Home..., appPackage: com.avito.android, autoGrantPermissions: true, automationName: uiAutomator2, browserName: , databaseEnabled: false, desired: {appActivity: com.avito.android.home.Home..., appPackage: com.avito.android, autoGrantPermissions: true, automationName: uiAutomator2, browserName: , deviceName: Redmi 4, ignoreUnimportantViews: true, platformName: android, platformVersion: 7.1.2, udid: 127.0.0.1:21533}, deviceApiLevel: 22, deviceManufacturer: Xiaomi, deviceModel: note 5, deviceName: 127.0.0.1:21533, deviceScreenDensity: 85, deviceScreenSize: 320x640, deviceUDID: 127.0.0.1:21533, ignoreUnimportantViews: true, javascriptEnabled: true, locationContextEnabled: false, networkConnectionEnabled: true, pixelRatio: 0.53125, platform: LINUX, platformName: Android, platformVersion: 5.1.1, statBarHeight: 13, takesScreenshot: true, udid: 127.0.0.1:21533, viewportRect: {height: 627, left: 0, top: 13, width: 320}, warnings: {}, webStorageEnabled: false}
Session ID: fcef3ece-c798-4fba-971b-bff77ea070e1]]>
            </message>
            <full-stacktrace>
              <![CDATA[org.openqa.selenium.WebDriverException: An unknown server-side error occurred while processing the command. Original error: Could not proxy command to remote server. Original error: Error: socket hang up
Build info: version: '3.141.59', revision: 'e82be7d358', time: '2018-11-14T08:17:03'
System info: host: 'BIG-KOMP', ip: '192.168.152.1', os.name: 'Windows 8.1', os.arch: 'amd64', os.version: '6.3', java.version: '1.8.0_60'
Driver info: io.appium.java_client.android.AndroidDriver
Capabilities {appActivity: com.avito.android.home.Home..., appPackage: com.avito.android, autoGrantPermissions: true, automationName: uiAutomator2, browserName: , databaseEnabled: false, desired: {appActivity: com.avito.android.home.Home..., appPackage: com.avito.android, autoGrantPermissions: true, automationName: uiAutomator2, browserName: , deviceName: Redmi 4, ignoreUnimportantViews: true, platformName: android, platformVersion: 7.1.2, udid: 127.0.0.1:21533}, deviceApiLevel: 22, deviceManufacturer: Xiaomi, deviceModel: note 5, deviceName: 127.0.0.1:21533, deviceScreenDensity: 85, deviceScreenSize: 320x640, deviceUDID: 127.0.0.1:21533, ignoreUnimportantViews: true, javascriptEnabled: true, locationContextEnabled: false, networkConnectionEnabled: true, pixelRatio: 0.53125, platform: LINUX, platformName: Android, platformVersion: 5.1.1, statBarHeight: 13, takesScreenshot: true, udid: 127.0.0.1:21533, viewportRect: {height: 627, left: 0, top: 13, width: 320}, warnings: {}, webStorageEnabled: false}
Session ID: fcef3ece-c798-4fba-971b-bff77ea070e1
at sun.reflect.NativeConstructorAccessorImpl.newInstance0(Native Method)
at sun.reflect.NativeConstructorAccessorImpl.newInstance(Unknown Source)
at sun.reflect.DelegatingConstructorAccessorImpl.newInstance(Unknown Source)
at java.lang.reflect.Constructor.newInstance(Unknown Source)
at org.openqa.selenium.remote.http.W3CHttpResponseCodec.createException(W3CHttpResponseCodec.java:187)
at org.openqa.selenium.remote.http.W3CHttpResponseCodec.decode(W3CHttpResponseCodec.java:122)
at org.openqa.selenium.remote.http.W3CHttpResponseCodec.decode(W3CHttpResponseCodec.java:49)
at org.openqa.selenium.remote.HttpCommandExecutor.execute(HttpCommandExecutor.java:158)
at io.appium.java_client.remote.AppiumCommandExecutor.execute(AppiumCommandExecutor.java:239)
at org.openqa.selenium.remote.RemoteWebDriver.execute(RemoteWebDriver.java:552)
at io.appium.java_client.DefaultGenericMobileDriver.execute(DefaultGenericMobileDriver.java:45)
at io.appium.java_client.AppiumDriver.execute(AppiumDriver.java:1)
at io.appium.java_client.android.AndroidDriver.execute(AndroidDriver.java:1)
at org.openqa.selenium.remote.RemoteWebDriver.getScreenshotAs(RemoteWebDriver.java:295)
at com.avito.PreConditions.getScreenshot(PreConditions.java:408)
at com.avito.PreConditions.getResults(PreConditions.java:122)
at sun.reflect.NativeMethodAccessorImpl.invoke0(Native Method)
at sun.reflect.NativeMethodAccessorImpl.invoke(Unknown Source)
at sun.reflect.DelegatingMethodAccessorImpl.invoke(Unknown Source)
at java.lang.reflect.Method.invoke(Unknown Source)
at org.testng.internal.MethodInvocationHelper.invokeMethod(MethodInvocationHelper.java:133)
at org.testng.internal.MethodInvocationHelper.invokeMethodConsideringTimeout(MethodInvocationHelper.java:62)
at org.testng.internal.ConfigInvoker.invokeConfigurationMethod(ConfigInvoker.java:340)
at org.testng.internal.ConfigInvoker.invokeConfigurations(ConfigInvoker.java:294)
at org.testng.internal.TestInvoker.runConfigMethods(TestInvoker.java:683)
at org.testng.internal.TestInvoker.runAfterGroupsConfigurations(TestInvoker.java:658)
at org.testng.internal.TestInvoker.invokeMethod(TestInvoker.java:642)
at org.testng.internal.TestInvoker.invokeTestMethod(TestInvoker.java:172)
at org.testng.internal.MethodRunner.runInSequence(MethodRunner.java:46)
at org.testng.internal.TestInvoker$MethodInvocationAgent.invoke(TestInvoker.java:804)
at org.testng.internal.TestInvoker.invokeTestMethods(TestInvoker.java:145)
at org.testng.internal.TestMethodWorker.invokeTestMethods(TestMethodWorker.java:146)
at org.testng.internal.TestMethodWorker.run(TestMethodWorker.java:128)
at java.util.ArrayList.forEach(Unknown Source)
at org.testng.TestRunner.privateRun(TestRunner.java:770)
at org.testng.TestRunner.run(TestRunner.java:591)
at org.testng.SuiteRunner.runTest(SuiteRunner.java:402)
at org.testng.SuiteRunner.runSequentially(SuiteRunner.java:396)
at org.testng.SuiteRunner.privateRun(SuiteRunner.java:355)
at org.testng.SuiteRunner.run(SuiteRunner.java:304)
at org.testng.SuiteRunnerWorker.runSuite(SuiteRunnerWorker.java:53)
at org.testng.SuiteRunnerWorker.run(SuiteRunnerWorker.java:96)
at org.testng.TestNG.runSuitesSequentially(TestNG.java:1180)
at org.testng.TestNG.runSuitesLocally(TestNG.java:1102)
at org.testng.TestNG.runSuites(TestNG.java:1032)
at org.testng.TestNG.run(TestNG.java:1000)
at org.testng.remote.AbstractRemoteTestNG.run(AbstractRemoteTestNG.java:115)
at org.testng.remote.RemoteTestNG.initAndRun(RemoteTestNG.java:251)
at org.testng.remote.RemoteTestNG.main(RemoteTestNG.java:77)
]]>
            </full-stacktrace>
          </exception> <!-- org.openqa.selenium.WebDriverException -->
          <reporter-output>
          </reporter-output>
        </test-method> <!-- addingAd -->
        <test-method status="SKIP" signature="getResults(org.testng.ITestResult)[pri:0, instance:com.avito.RunTest@37374a5e]" name="getResults" is-config="true" duration-ms="-1573073404223" started-at="2019-11-07T00:50:04 SAMT" finished-at="1970-01-01T04:00:00 SAMT">
          <reporter-output>
          </reporter-output>
        </test-method> <!-- getResults -->
        <test-method status="PASS" signature="endReport()[pri:0, instance:com.avito.RunTest@37374a5e]" name="endReport" is-config="true" duration-ms="355" started-at="2019-11-07T00:50:04 SAMT" finished-at="2019-11-07T00:50:04 SAMT">
          <reporter-output>
          </reporter-output>
        </test-method> <!-- endReport -->
      </class> <!-- com.avito.RunTest -->
    </test> <!-- Default test -->
  </suite> <!-- Default suite -->
</testng-results>
